1668699165111	geckodriver	INFO	Listening on 127.0.0.1:37137
1668699165610	mozrunner::runner	INFO	Running command: "/usr/bin/firefox" "--marionette" "--remote-debugging-port" "45053" "--remote-allow-hosts" "localhost" "-no-remote" "-profile" "/tmp/rust_mozprofilemyuUMu"
ATTENTION: default value of option mesa_glthread overridden by environment.
ATTENTION: default value of option mesa_glthread overridden by environment.
ATTENTION: default value of option mesa_glthread overridden by environment.
ATTENTION: default value of option mesa_glthread overridden by environment.
1668699167142	Marionette	INFO	Marionette enabled
1668699167147	Marionette	INFO	Listening on port 36673
Read port: 36673
WebDriver BiDi listening on ws://127.0.0.1:45053
1668699167319	RemoteAgent	WARN	TLS certificate errors will be ignored for this session
console.warn: SearchSettings: "get: No settings file exists, new profile?" (new NotFoundError("Could not open the file at /tmp/rust_mozprofilemyuUMu/search.json.mozlz4", (void 0)))
DevTools listening on ws://127.0.0.1:45053/devtools/browser/0e902d52-d88e-4c80-8f41-59613cf27bff
console.error: Region.jsm: "Error fetching region" (new Error("TIMEOUT", "resource://gre/modules/Region.jsm", 768))
console.error: Region.jsm: "Failed to fetch region" (new Error("TIMEOUT", "resource://gre/modules/Region.jsm", 420))
1668699217323	Marionette	INFO	Stopped listening on port 36673
console.warn: TopSitesFeed: Failed to fetch data from Contile server: NetworkError when attempting to fetch resource.
1668699536626	geckodriver	INFO	Listening on 127.0.0.1:42075
1668699537161	mozrunner::runner	INFO	Running command: "/usr/bin/firefox" "--marionette" "--remote-debugging-port" "47619" "--remote-allow-hosts" "localhost" "-no-remote" "-profile" "/tmp/rust_mozprofileFXQUMr"
ATTENTION: default value of option mesa_glthread overridden by environment.
ATTENTION: default value of option mesa_glthread overridden by environment.
ATTENTION: default value of option mesa_glthread overridden by environment.
ATTENTION: default value of option mesa_glthread overridden by environment.
1668699538335	Marionette	INFO	Marionette enabled
1668699538349	Marionette	INFO	Listening on port 33651
Read port: 33651
WebDriver BiDi listening on ws://127.0.0.1:47619
1668699538480	RemoteAgent	WARN	TLS certificate errors will be ignored for this session
console.warn: SearchSettings: "get: No settings file exists, new profile?" (new NotFoundError("Could not open the file at /tmp/rust_mozprofileFXQUMr/search.json.mozlz4", (void 0)))
DevTools listening on ws://127.0.0.1:47619/devtools/browser/5b88b186-56cf-4265-899c-df84ceb5072c
1668699636564	Marionette	INFO	Stopped listening on port 33651
console.warn: TopSitesFeed: Failed to fetch data from Contile server: NetworkError when attempting to fetch resource.
1668746219919	geckodriver	INFO	Listening on 127.0.0.1:40617
1668746220435	mozrunner::runner	INFO	Running command: "/usr/bin/firefox" "--marionette" "--remote-debugging-port" "49929" "--remote-allow-hosts" "localhost" "-no-remote" "-profile" "/tmp/rust_mozprofileKJ1iLr"
ATTENTION: default value of option mesa_glthread overridden by environment.
ATTENTION: default value of option mesa_glthread overridden by environment.
ATTENTION: default value of option mesa_glthread overridden by environment.
ATTENTION: default value of option mesa_glthread overridden by environment.
1668746221456	Marionette	INFO	Marionette enabled
1668746221461	Marionette	INFO	Listening on port 44183
Read port: 44183
WebDriver BiDi listening on ws://127.0.0.1:49929
1668746221592	RemoteAgent	WARN	TLS certificate errors will be ignored for this session
console.warn: SearchSettings: "get: No settings file exists, new profile?" (new NotFoundError("Could not open the file at /tmp/rust_mozprofileKJ1iLr/search.json.mozlz4", (void 0)))
DevTools listening on ws://127.0.0.1:49929/devtools/browser/f85b1405-8152-4839-a738-05d333e21a9e
console.warn: LoginRecipes: "Falling back to a synchronous message for: https://twitter.com."
console.error: (new TypeError("parent is null", "resource://devtools/client/inspector/shared/style-change-tracker.js", 67))
TypeError: parent is null: canMutationImpactCurrentStyles@resource://devtools/client/inspector/shared/style-change-tracker.js:67:24
onMutations@resource://devtools/client/inspector/shared/style-change-tracker.js:84:41
_emit@resource://devtools/shared/event-emitter.js:242:32
emit@resource://devtools/shared/event-emitter.js:186:18
emit@resource://devtools/shared/event-emitter.js:330:18
getMutations@resource://devtools/client/fronts/walker.js:311:10

console.error: (new TypeError("container.node.targetFront is null", "resource://devtools/client/inspector/markup/markup.js", 2351))
console.warn: "Listener for event 'frame' did not return a promise."
JavaScript error: , line 0: NotFoundError: No such JSWindowActor 'DevToolsFrame'
JavaScript error: , line 0: NotFoundError: No such JSWindowActor 'DevToolsFrame'
1668746403361	Marionette	INFO	Stopped listening on port 44183
console.warn: TopSitesFeed: Failed to fetch data from Contile server: NetworkError when attempting to fetch resource.
1668746423071	geckodriver	INFO	Listening on 127.0.0.1:43245
1668746423575	mozrunner::runner	INFO	Running command: "/usr/bin/firefox" "--marionette" "--remote-debugging-port" "60387" "--remote-allow-hosts" "localhost" "-no-remote" "-profile" "/tmp/rust_mozprofile54tfno"
ATTENTION: default value of option mesa_glthread overridden by environment.
ATTENTION: default value of option mesa_glthread overridden by environment.
ATTENTION: default value of option mesa_glthread overridden by environment.
ATTENTION: default value of option mesa_glthread overridden by environment.
1668746424546	Marionette	INFO	Marionette enabled
1668746424550	Marionette	INFO	Listening on port 46369
Read port: 46369
WebDriver BiDi listening on ws://127.0.0.1:60387
1668746424676	RemoteAgent	WARN	TLS certificate errors will be ignored for this session
console.warn: SearchSettings: "get: No settings file exists, new profile?" (new NotFoundError("Could not open the file at /tmp/rust_mozprofile54tfno/search.json.mozlz4", (void 0)))
DevTools listening on ws://127.0.0.1:60387/devtools/browser/4a7b5093-fe05-47be-9e31-6fb475e6c5ed
JavaScript error: resource://gre/modules/URIFixup.jsm, line 307: NS_ERROR_FAILURE: Should pass a non-null uri
console.warn: LoginRecipes: "Falling back to a synchronous message for: https://twitter.com."
JavaScript error: , line 0: NotFoundError: No such JSWindowActor 'DevToolsFrame'
JavaScript error: , line 0: NotFoundError: No such JSWindowActor 'DevToolsFrame'
JavaScript error: , line 0: NotFoundError: No such JSWindowActor 'DevToolsFrame'
JavaScript error: , line 0: NotFoundError: No such JSWindowActor 'DevToolsFrame'
console.warn: LoginRecipes: "Falling back to a synchronous message for: https://twitter.com."
JavaScript error: , line 0: NotFoundError: No such JSWindowActor 'DevToolsFrame'
JavaScript error: , line 0: NotFoundError: No such JSWindowActor 'DevToolsFrame'
console.warn: LoginRecipes: "Falling back to a synchronous message for: https://twitter.com."
1668748570363	Marionette	WARN	Ignoring event 'DOMContentLoaded' because document has an invalid readyState of 'complete'.
JavaScript warning: https://static.parastorage.com/services/pro-gallery-santa-wrapper/1.2793.0/viewer.bundle.min.js, line 1: unreachable code after return statement
console.warn: LoginRecipes: "Falling back to a synchronous message for: https://twitter.com."
console.warn: LoginRecipes: "Falling back to a synchronous message for: https://twitter.com."
console.warn: LoginRecipes: "Falling back to a synchronous message for: https://twitter.com."
console.warn: LoginRecipes: "Falling back to a synchronous message for: https://twitter.com."
1668749042268	Marionette	INFO	Stopped listening on port 46369
console.warn: TopSitesFeed: Failed to fetch data from Contile server: NetworkError when attempting to fetch resource.
1668749084204	geckodriver::marionette	ERROR	Failed to close browser connection: Socket not connected (os error 107)
1668749114529	geckodriver	INFO	Listening on 127.0.0.1:53837
1668749115039	mozrunner::runner	INFO	Running command: "/usr/bin/firefox" "--marionette" "--remote-debugging-port" "34431" "--remote-allow-hosts" "localhost" "-no-remote" "-profile" "/tmp/rust_mozprofilePJyGbI"
ATTENTION: default value of option mesa_glthread overridden by environment.
ATTENTION: default value of option mesa_glthread overridden by environment.
ATTENTION: default value of option mesa_glthread overridden by environment.
ATTENTION: default value of option mesa_glthread overridden by environment.
1668749116163	Marionette	INFO	Marionette enabled
1668749116166	Marionette	INFO	Listening on port 40129
WebDriver BiDi listening on ws://127.0.0.1:34431
Read port: 40129
1668749116402	RemoteAgent	WARN	TLS certificate errors will be ignored for this session
console.warn: SearchSettings: "get: No settings file exists, new profile?" (new NotFoundError("Could not open the file at /tmp/rust_mozprofilePJyGbI/search.json.mozlz4", (void 0)))
DevTools listening on ws://127.0.0.1:34431/devtools/browser/a5d43374-95fe-4002-be55-bf563118be97
console.error: Region.jsm: "Error fetching region" (new Error("TIMEOUT", "resource://gre/modules/Region.jsm", 768))
console.error: Region.jsm: "Failed to fetch region" (new Error("TIMEOUT", "resource://gre/modules/Region.jsm", 420))
JavaScript error: resource://gre/modules/URIFixup.jsm, line 307: NS_ERROR_FAILURE: Should pass a non-null uri
1668749662845	Marionette	INFO	Stopped listening on port 40129
console.warn: TopSitesFeed: Failed to fetch data from Contile server: NetworkError when attempting to fetch resource.
1668749670397	geckodriver	INFO	Listening on 127.0.0.1:35111
1668749670900	mozrunner::runner	INFO	Running command: "/usr/bin/firefox" "--marionette" "--remote-debugging-port" "46903" "--remote-allow-hosts" "localhost" "-no-remote" "-profile" "/tmp/rust_mozprofile4oK1rZ"
ATTENTION: default value of option mesa_glthread overridden by environment.
ATTENTION: default value of option mesa_glthread overridden by environment.
ATTENTION: default value of option mesa_glthread overridden by environment.
ATTENTION: default value of option mesa_glthread overridden by environment.
1668749671816	Marionette	INFO	Marionette enabled
1668749671821	Marionette	INFO	Listening on port 46311
WebDriver BiDi listening on ws://127.0.0.1:46903
Read port: 46311
1668749672050	RemoteAgent	WARN	TLS certificate errors will be ignored for this session
console.warn: SearchSettings: "get: No settings file exists, new profile?" (new NotFoundError("Could not open the file at /tmp/rust_mozprofile4oK1rZ/search.json.mozlz4", (void 0)))
DevTools listening on ws://127.0.0.1:46903/devtools/browser/bc14704d-22ba-4995-840a-91e8772f3ebf
console.error: Region.jsm: "Error fetching region" (new Error("TIMEOUT", "resource://gre/modules/Region.jsm", 768))
console.error: Region.jsm: "Failed to fetch region" (new Error("TIMEOUT", "resource://gre/modules/Region.jsm", 420))
JavaScript error: , line 0: NotFoundError: No such JSWindowActor 'DevToolsFrame'
JavaScript error: , line 0: NotFoundError: No such JSWindowActor 'DevToolsFrame'
JavaScript error: , line 0: NotFoundError: No such JSWindowActor 'DevToolsFrame'
JavaScript error: , line 0: NotFoundError: No such JSWindowActor 'DevToolsFrame'
JavaScript error: , line 0: NotFoundError: No such JSWindowActor 'DevToolsFrame'
1668749888879	Marionette	INFO	Stopped listening on port 46311
console.warn: TopSitesFeed: Failed to fetch data from Contile server: NetworkError when attempting to fetch resource.
1668749915742	geckodriver	INFO	Listening on 127.0.0.1:55235
1668749916246	mozrunner::runner	INFO	Running command: "/usr/bin/firefox" "--marionette" "--remote-debugging-port" "51459" "--remote-allow-hosts" "localhost" "-no-remote" "-profile" "/tmp/rust_mozprofile7ydUOh"
ATTENTION: default value of option mesa_glthread overridden by environment.
ATTENTION: default value of option mesa_glthread overridden by environment.
ATTENTION: default value of option mesa_glthread overridden by environment.
ATTENTION: default value of option mesa_glthread overridden by environment.
1668749917202	Marionette	INFO	Marionette enabled
1668749917206	Marionette	INFO	Listening on port 35173
Read port: 35173
WebDriver BiDi listening on ws://127.0.0.1:51459
1668749917322	RemoteAgent	WARN	TLS certificate errors will be ignored for this session
console.warn: SearchSettings: "get: No settings file exists, new profile?" (new NotFoundError("Could not open the file at /tmp/rust_mozprofile7ydUOh/search.json.mozlz4", (void 0)))
DevTools listening on ws://127.0.0.1:51459/devtools/browser/97859c3d-0052-4406-a23b-37b1b76482ca
JavaScript error: resource://gre/modules/URIFixup.jsm, line 307: NS_ERROR_FAILURE: Should pass a non-null uri
console.error: Region.jsm: "Error fetching region" (new Error("TIMEOUT", "resource://gre/modules/Region.jsm", 768))
console.error: Region.jsm: "Failed to fetch region" (new Error("TIMEOUT", "resource://gre/modules/Region.jsm", 420))
console.error: "Error while calling actor 'pagestyle's method 'getLayout'" "node is null"
console.error: (new TypeError("node is null", "resource://devtools/server/actors/page-style.js", 1003))
console.error: "Error while calling actor 'pagestyle's method 'getApplied'" "node is null"
console.error: (new TypeError("node is null", "resource://devtools/server/actors/page-style.js", 568))
console.error: (new TypeError("parent is null", "resource://devtools/client/inspector/shared/style-change-tracker.js", 67))
TypeError: parent is null: canMutationImpactCurrentStyles@resource://devtools/client/inspector/shared/style-change-tracker.js:67:24
onMutations@resource://devtools/client/inspector/shared/style-change-tracker.js:84:41
_emit@resource://devtools/shared/event-emitter.js:242:32
emit@resource://devtools/shared/event-emitter.js:186:18
emit@resource://devtools/shared/event-emitter.js:330:18
getMutations@resource://devtools/client/fronts/walker.js:311:10

console.error: (new TypeError("container.node.targetFront is null", "resource://devtools/client/inspector/markup/markup.js", 2351))
console.error: "Error while calling actor 'pagestyle's method 'getApplied'" "node is null"
console.error: (new TypeError("node is null", "resource://devtools/server/actors/page-style.js", 568))
console.error: (new Error("Protocol error (TypeError): node is null from: server0.conn0.windowGlobal4294967298/pagestyle23 (resource://devtools/server/actors/page-style.js:1003:5)", "resource://devtools/shared/protocol/Front.js", 383))
console.warn: "Listener for event 'frame' did not return a promise."
JavaScript error: , line 0: NotFoundError: No such JSWindowActor 'DevToolsFrame'
1668750005699	Marionette	INFO	Stopped listening on port 35173
console.warn: TopSitesFeed: Failed to fetch data from Contile server: NetworkError when attempting to fetch resource.
1668750042910	geckodriver	INFO	Listening on 127.0.0.1:39825
1668750043414	mozrunner::runner	INFO	Running command: "/usr/bin/firefox" "--marionette" "--remote-debugging-port" "36849" "--remote-allow-hosts" "localhost" "-no-remote" "-profile" "/tmp/rust_mozprofileikxDKV"
ATTENTION: default value of option mesa_glthread overridden by environment.
ATTENTION: default value of option mesa_glthread overridden by environment.
ATTENTION: default value of option mesa_glthread overridden by environment.
ATTENTION: default value of option mesa_glthread overridden by environment.
1668750044380	Marionette	INFO	Marionette enabled
1668750044384	Marionette	INFO	Listening on port 33935
Read port: 33935
WebDriver BiDi listening on ws://127.0.0.1:36849
1668750044494	RemoteAgent	WARN	TLS certificate errors will be ignored for this session
console.warn: SearchSettings: "get: No settings file exists, new profile?" (new NotFoundError("Could not open the file at /tmp/rust_mozprofileikxDKV/search.json.mozlz4", (void 0)))
DevTools listening on ws://127.0.0.1:36849/devtools/browser/46c53e87-c3bb-4ec3-91b0-e08e0f872ed2
JavaScript error: resource://gre/modules/URIFixup.jsm, line 307: NS_ERROR_FAILURE: Should pass a non-null uri
console.error: Region.jsm: "Error fetching region" (new Error("TIMEOUT", "resource://gre/modules/Region.jsm", 768))
console.error: Region.jsm: "Failed to fetch region" (new Error("TIMEOUT", "resource://gre/modules/Region.jsm", 420))
1668750194059	Marionette	INFO	Stopped listening on port 33935
console.warn: TopSitesFeed: Failed to fetch data from Contile server: NetworkError when attempting to fetch resource.
1668750276429	geckodriver	INFO	Listening on 127.0.0.1:40825
1668750276933	mozrunner::runner	INFO	Running command: "/usr/bin/firefox" "--marionette" "--remote-debugging-port" "43953" "--remote-allow-hosts" "localhost" "-no-remote" "-profile" "/tmp/rust_mozprofileh5Q7NN"
ATTENTION: default value of option mesa_glthread overridden by environment.
ATTENTION: default value of option mesa_glthread overridden by environment.
ATTENTION: default value of option mesa_glthread overridden by environment.
ATTENTION: default value of option mesa_glthread overridden by environment.
1668750277865	Marionette	INFO	Marionette enabled
1668750277869	Marionette	INFO	Listening on port 36875
Read port: 36875
WebDriver BiDi listening on ws://127.0.0.1:43953
1668750278000	RemoteAgent	WARN	TLS certificate errors will be ignored for this session
console.warn: SearchSettings: "get: No settings file exists, new profile?" (new NotFoundError("Could not open the file at /tmp/rust_mozprofileh5Q7NN/search.json.mozlz4", (void 0)))
DevTools listening on ws://127.0.0.1:43953/devtools/browser/8f85bea7-0470-45c6-bb9e-9e5e6bd76e40
console.error: Region.jsm: "Error fetching region" (new Error("TIMEOUT", "resource://gre/modules/Region.jsm", 768))
console.error: Region.jsm: "Failed to fetch region" (new Error("TIMEOUT", "resource://gre/modules/Region.jsm", 420))
1668750336685	Marionette	INFO	Stopped listening on port 36875
console.warn: TopSitesFeed: Failed to fetch data from Contile server: NetworkError when attempting to fetch resource.
1668750362820	geckodriver	INFO	Listening on 127.0.0.1:51627
1668750363323	mozrunner::runner	INFO	Running command: "/usr/bin/firefox" "--marionette" "--remote-debugging-port" "36789" "--remote-allow-hosts" "localhost" "-no-remote" "-profile" "/tmp/rust_mozprofileCpTH6W"
ATTENTION: default value of option mesa_glthread overridden by environment.
ATTENTION: default value of option mesa_glthread overridden by environment.
ATTENTION: default value of option mesa_glthread overridden by environment.
ATTENTION: default value of option mesa_glthread overridden by environment.
1668750364247	Marionette	INFO	Marionette enabled
1668750364253	Marionette	INFO	Listening on port 43375
Read port: 43375
WebDriver BiDi listening on ws://127.0.0.1:36789
1668750364391	RemoteAgent	WARN	TLS certificate errors will be ignored for this session
console.warn: SearchSettings: "get: No settings file exists, new profile?" (new NotFoundError("Could not open the file at /tmp/rust_mozprofileCpTH6W/search.json.mozlz4", (void 0)))
DevTools listening on ws://127.0.0.1:36789/devtools/browser/2224e0c7-582b-46f8-a315-598460502cfb
console.error: Region.jsm: "Error fetching region" (new Error("TIMEOUT", "resource://gre/modules/Region.jsm", 768))
console.error: Region.jsm: "Failed to fetch region" (new Error("TIMEOUT", "resource://gre/modules/Region.jsm", 420))
JavaScript error: , line 0: NotFoundError: No such JSWindowActor 'DevToolsFrame'
JavaScript error: , line 0: NotFoundError: No such JSWindowActor 'DevToolsFrame'
JavaScript error: , line 0: NotFoundError: No such JSWindowActor 'DevToolsFrame'
JavaScript error: , line 0: NotFoundError: No such JSWindowActor 'DevToolsFrame'
JavaScript error: , line 0: NotFoundError: No such JSWindowActor 'DevToolsFrame'
1668771820169	Marionette	INFO	Stopped listening on port 43375
console.warn: TopSitesFeed: Failed to fetch data from Contile server: NetworkError when attempting to fetch resource.
1668772012131	geckodriver	INFO	Listening on 127.0.0.1:38995
1668772012633	mozrunner::runner	INFO	Running command: "/usr/bin/firefox" "--marionette" "--remote-debugging-port" "39121" "--remote-allow-hosts" "localhost" "-no-remote" "-profile" "/tmp/rust_mozprofileIlazeL"
ATTENTION: default value of option mesa_glthread overridden by environment.
ATTENTION: default value of option mesa_glthread overridden by environment.
ATTENTION: default value of option mesa_glthread overridden by environment.
ATTENTION: default value of option mesa_glthread overridden by environment.
1668772013677	Marionette	INFO	Marionette enabled
1668772013680	Marionette	INFO	Listening on port 44013
Read port: 44013
WebDriver BiDi listening on ws://127.0.0.1:39121
1668772013796	RemoteAgent	WARN	TLS certificate errors will be ignored for this session
console.warn: SearchSettings: "get: No settings file exists, new profile?" (new NotFoundError("Could not open the file at /tmp/rust_mozprofileIlazeL/search.json.mozlz4", (void 0)))
DevTools listening on ws://127.0.0.1:39121/devtools/browser/ff594ede-9b1d-4548-845a-caa6918e6889
1668772025540	Marionette	INFO	Stopped listening on port 44013
console.warn: TopSitesFeed: Failed to fetch data from Contile server: NetworkError when attempting to fetch resource.
1668772953735	geckodriver	INFO	Listening on 127.0.0.1:54439
1668772954239	mozrunner::runner	INFO	Running command: "/usr/bin/firefox" "--marionette" "--remote-debugging-port" "41555" "--remote-allow-hosts" "localhost" "-no-remote" "-profile" "/tmp/rust_mozprofileUvFXqa"
ATTENTION: default value of option mesa_glthread overridden by environment.
ATTENTION: default value of option mesa_glthread overridden by environment.
ATTENTION: default value of option mesa_glthread overridden by environment.
ATTENTION: default value of option mesa_glthread overridden by environment.
1668772955223	Marionette	INFO	Marionette enabled
1668772955228	Marionette	INFO	Listening on port 34125
Read port: 34125
WebDriver BiDi listening on ws://127.0.0.1:41555
1668772955364	RemoteAgent	WARN	TLS certificate errors will be ignored for this session
console.warn: SearchSettings: "get: No settings file exists, new profile?" (new NotFoundError("Could not open the file at /tmp/rust_mozprofileUvFXqa/search.json.mozlz4", (void 0)))
DevTools listening on ws://127.0.0.1:41555/devtools/browser/91e560d4-045d-4ce2-a517-e1e6a3752e42
console.warn: LoginRecipes: "Falling back to a synchronous message for: https://twitter.com."
console.warn: LoginRecipes: "Falling back to a synchronous message for: https://twitter.com."
console.warn: LoginRecipes: "Falling back to a synchronous message for: https://twitter.com."
console.warn: LoginRecipes: "Falling back to a synchronous message for: https://twitter.com."
console.warn: LoginRecipes: "Falling back to a synchronous message for: https://twitter.com."
console.warn: LoginRecipes: "Falling back to a synchronous message for: https://twitter.com."
console.warn: LoginRecipes: "Falling back to a synchronous message for: https://twitter.com."
1668773551255	Marionette	WARN	Ignoring event 'DOMContentLoaded' because document has an invalid readyState of 'complete'.
1668773772703	Marionette	INFO	Stopped listening on port 34125
console.warn: TopSitesFeed: Failed to fetch data from Contile server: NetworkError when attempting to fetch resource.
1668844685779	geckodriver	INFO	Listening on 127.0.0.1:57385
1668844686291	mozrunner::runner	INFO	Running command: "/usr/bin/firefox" "--marionette" "--remote-debugging-port" "55935" "--remote-allow-hosts" "localhost" "-no-remote" "-profile" "/tmp/rust_mozprofileRadCRX"
ATTENTION: default value of option mesa_glthread overridden by environment.
ATTENTION: default value of option mesa_glthread overridden by environment.
ATTENTION: default value of option mesa_glthread overridden by environment.
ATTENTION: default value of option mesa_glthread overridden by environment.
1668844687530	Marionette	INFO	Marionette enabled
1668844687537	Marionette	INFO	Listening on port 40149
Read port: 40149
WebDriver BiDi listening on ws://127.0.0.1:55935
1668844687687	RemoteAgent	WARN	TLS certificate errors will be ignored for this session
console.warn: SearchSettings: "get: No settings file exists, new profile?" (new NotFoundError("Could not open the file at /tmp/rust_mozprofileRadCRX/search.json.mozlz4", (void 0)))
DevTools listening on ws://127.0.0.1:55935/devtools/browser/6fcfbc1b-6beb-4f3e-8fdb-b4cfd48c5229
console.warn: LoginRecipes: "Falling back to a synchronous message for: https://twitter.com."
console.warn: LoginRecipes: "Falling back to a synchronous message for: https://twitter.com."
console.warn: LoginRecipes: "Falling back to a synchronous message for: https://twitter.com."
console.warn: LoginRecipes: "Falling back to a synchronous message for: https://twitter.com."
console.warn: LoginRecipes: "Falling back to a synchronous message for: https://twitter.com."
console.warn: LoginRecipes: "Falling back to a synchronous message for: https://twitter.com."
console.warn: LoginRecipes: "Falling back to a synchronous message for: https://twitter.com."
console.warn: LoginRecipes: "Falling back to a synchronous message for: https://twitter.com."
console.warn: LoginRecipes: "Falling back to a synchronous message for: https://twitter.com."
console.warn: LoginRecipes: "Falling back to a synchronous message for: https://twitter.com."
console.warn: LoginRecipes: "Falling back to a synchronous message for: https://twitter.com."
console.warn: LoginRecipes: "Falling back to a synchronous message for: https://twitter.com."
console.warn: LoginRecipes: "Falling back to a synchronous message for: https://twitter.com."
JavaScript error: https://abs.twimg.com/responsive-web/client-web/main.f45ef479.js, line 7: Error: ApiError: https://twitter.com/i/api/1.1/jot/ces/p2 HTTP-0 codes:[1004] trace_ids:[null]
1668845251602	Marionette	INFO	Stopped listening on port 40149
JavaScript error: https://abs.twimg.com/responsive-web/client-web/vendor.f6925eb9.js, line 82: TypeError: can't access dead object
1668860312209	geckodriver	INFO	Listening on 127.0.0.1:48455
1668860312745	mozrunner::runner	INFO	Running command: "/usr/bin/firefox" "--marionette" "--remote-debugging-port" "55793" "--remote-allow-hosts" "localhost" "-no-remote" "-profile" "/tmp/rust_mozprofile4MBUGC"
ATTENTION: default value of option mesa_glthread overridden by environment.
ATTENTION: default value of option mesa_glthread overridden by environment.
ATTENTION: default value of option mesa_glthread overridden by environment.
ATTENTION: default value of option mesa_glthread overridden by environment.
1668860313994	Marionette	INFO	Marionette enabled
1668860314001	Marionette	INFO	Listening on port 42949
Read port: 42949
WebDriver BiDi listening on ws://127.0.0.1:55793
1668860314148	RemoteAgent	WARN	TLS certificate errors will be ignored for this session
console.warn: SearchSettings: "get: No settings file exists, new profile?" (new NotFoundError("Could not open the file at /tmp/rust_mozprofile4MBUGC/search.json.mozlz4", (void 0)))
DevTools listening on ws://127.0.0.1:55793/devtools/browser/77dd5f1b-8fa7-4d5b-9d9a-63b2defc9c04
JavaScript error: resource://gre/modules/URIFixup.sys.mjs, line 304: NS_ERROR_FAILURE: Should pass a non-null uri
console.warn: LoginRecipes: "Falling back to a synchronous message for: https://twitter.com."
1668860623747	Marionette	INFO	Stopped listening on port 42949
JavaScript error: https://abs.twimg.com/responsive-web/client-web/vendor.f6925eb9.js, line 82: TypeError: can't access dead object
1668955780877	geckodriver	INFO	Listening on 127.0.0.1:51147
1668955781392	mozrunner::runner	INFO	Running command: "/usr/bin/firefox" "--marionette" "--remote-debugging-port" "35323" "--remote-allow-hosts" "localhost" "-no-remote" "-profile" "/tmp/rust_mozprofileokyuPJ"
ATTENTION: default value of option mesa_glthread overridden by environment.
ATTENTION: default value of option mesa_glthread overridden by environment.
ATTENTION: default value of option mesa_glthread overridden by environment.
ATTENTION: default value of option mesa_glthread overridden by environment.
1668955782512	Marionette	INFO	Marionette enabled
1668955782519	Marionette	INFO	Listening on port 35661
Read port: 35661
WebDriver BiDi listening on ws://127.0.0.1:35323
1668955782658	RemoteAgent	WARN	TLS certificate errors will be ignored for this session
console.warn: SearchSettings: "get: No settings file exists, new profile?" (new NotFoundError("Could not open the file at /tmp/rust_mozprofileokyuPJ/search.json.mozlz4", (void 0)))
DevTools listening on ws://127.0.0.1:35323/devtools/browser/958ad38b-c55a-4d7a-a1ee-f0072ded8835
console.warn: LoginRecipes: "Falling back to a synchronous message for: https://twitter.com."
console.error: "Unable to find target with innerWindowId:4294967298"
console.warn: "Listener for event 'frame' did not return a promise."
JavaScript error: , line 0: NotFoundError: No such JSWindowActor 'DevToolsFrame'
JavaScript error: , line 0: NotFoundError: No such JSWindowActor 'DevToolsFrame'
console.warn: LoginRecipes: "Falling back to a synchronous message for: https://twitter.com."
console.warn: LoginRecipes: "Falling back to a synchronous message for: https://twitter.com."
console.warn: LoginRecipes: "Falling back to a synchronous message for: https://twitter.com."
console.warn: LoginRecipes: "Falling back to a synchronous message for: https://twitter.com."
console.warn: LoginRecipes: "Falling back to a synchronous message for: https://twitter.com."
console.error: services.settings: 
  main/doh-providers Signature failed  InvalidSignatureError: Invalid content signature (main/doh-providers)
console.error: services.settings: 
  main/doh-providers local data was corrupted
console.warn: services.settings: main/doh-providers Signature verified failed. Retry from scratch
console.error: services.settings: 
  main/doh-providers Signature failed again InvalidSignatureError: Invalid content signature (main/doh-providers)
console.error: services.settings: 
  Message: InvalidSignatureError: Invalid content signature (main/doh-providers)
  Stack:
    InvalidSignatureError@resource://services-settings/RemoteSettingsClient.jsm:169:5
_validateCollectionSignature@resource://services-settings/RemoteSettingsClient.jsm:977:13

console.error: services.settings: 
  main/addons-manager-settings Signature failed  InvalidSignatureError: Invalid content signature (main/addons-manager-settings)
console.error: services.settings: 
  main/addons-manager-settings local data was corrupted
console.warn: services.settings: main/addons-manager-settings Signature verified failed. Retry from scratch
console.error: services.settings: 
  main/addons-manager-settings Signature failed again InvalidSignatureError: Invalid content signature (main/addons-manager-settings)
console.error: services.settings: 
  Message: InvalidSignatureError: Invalid content signature (main/addons-manager-settings)
  Stack:
    InvalidSignatureError@resource://services-settings/RemoteSettingsClient.jsm:169:5
_validateCollectionSignature@resource://services-settings/RemoteSettingsClient.jsm:977:13

console.error: services.settings: 
  main/doh-config Signature failed  InvalidSignatureError: Invalid content signature (main/doh-config)
console.error: services.settings: 
  main/doh-config local data was corrupted
console.warn: services.settings: main/doh-config Signature verified failed. Retry from scratch
console.error: services.settings: 
  main/doh-config Signature failed again InvalidSignatureError: Invalid content signature (main/doh-config)
console.error: services.settings: 
  Message: InvalidSignatureError: Invalid content signature (main/doh-config)
  Stack:
    InvalidSignatureError@resource://services-settings/RemoteSettingsClient.jsm:169:5
_validateCollectionSignature@resource://services-settings/RemoteSettingsClient.jsm:977:13

console.error: services.settings: 
  main/public-suffix-list Signature failed  InvalidSignatureError: Invalid content signature (main/public-suffix-list)
console.error: services.settings: 
  main/public-suffix-list local data was corrupted
console.warn: services.settings: main/public-suffix-list Signature verified failed. Retry from scratch
console.error: services.settings: 
  main/public-suffix-list Signature failed again InvalidSignatureError: Invalid content signature (main/public-suffix-list)
console.error: services.settings: 
  Message: InvalidSignatureError: Invalid content signature (main/public-suffix-list)
  Stack:
    InvalidSignatureError@resource://services-settings/RemoteSettingsClient.jsm:169:5
_validateCollectionSignature@resource://services-settings/RemoteSettingsClient.jsm:977:13

console.error: services.settings: 
  main/pioneer-study-addons-v1 Signature failed  InvalidSignatureError: Invalid content signature (main/pioneer-study-addons-v1)
console.error: services.settings: 
  main/pioneer-study-addons-v1 local data was corrupted
console.warn: services.settings: main/pioneer-study-addons-v1 Signature verified failed. Retry from scratch
console.error: services.settings: 
  main/pioneer-study-addons-v1 Signature failed again InvalidSignatureError: Invalid content signature (main/pioneer-study-addons-v1)
console.error: services.settings: 
  Message: InvalidSignatureError: Invalid content signature (main/pioneer-study-addons-v1)
  Stack:
    InvalidSignatureError@resource://services-settings/RemoteSettingsClient.jsm:169:5
_validateCollectionSignature@resource://services-settings/RemoteSettingsClient.jsm:977:13

console.warn: LoginRecipes: "Falling back to a synchronous message for: https://twitter.com."
console.warn: LoginRecipes: "Falling back to a synchronous message for: https://twitter.com."
console.warn: LoginRecipes: "Falling back to a synchronous message for: https://twitter.com."
console.warn: LoginRecipes: "Falling back to a synchronous message for: https://twitter.com."
console.warn: LoginRecipes: "Falling back to a synchronous message for: https://twitter.com."
console.warn: LoginRecipes: "Falling back to a synchronous message for: https://twitter.com."
console.warn: LoginRecipes: "Falling back to a synchronous message for: https://twitter.com."
console.warn: LoginRecipes: "Falling back to a synchronous message for: https://twitter.com."
console.warn: LoginRecipes: "Falling back to a synchronous message for: https://twitter.com."
JavaScript error: https://cdn.snigelweb.com/prebid/7.17.0/prebid.js?v=5410-1668789360809, line 5: TypeError: g.error is not a function
1668956285619	Marionette	WARN	Ignoring event 'pageshow' because document has an invalid readyState of 'uninitialized'.
1668956296473	Marionette	WARN	Ignoring event 'pageshow' because document has an invalid readyState of 'uninitialized'.
1668956300494	Marionette	WARN	Ignoring event 'pageshow' because document has an invalid readyState of 'uninitialized'.
1668956387115	Marionette	WARN	Ignoring event 'pageshow' because document has an invalid readyState of 'uninitialized'.
JavaScript warning: https://pagead2.googlesyndication.com/bg/Cy76TGYNwlBdeFKzRh_Qc2a075RKB_J9dWAUlCdaUYI.js line 2 > eval line 7141 > eval line 1 > eval line 1 > eval, line 1: WEBGL_debug_renderer_info is deprecated in Firefox and will be removed. Please use RENDERER.
JavaScript error: , line 0: NotFoundError: No such JSWindowActor 'DevToolsFrame'
console.warn: LoginRecipes: "Falling back to a synchronous message for: https://twitter.com."
console.warn: LoginRecipes: "Falling back to a synchronous message for: https://twitter.com."
console.warn: LoginRecipes: "Falling back to a synchronous message for: https://twitter.com."
console.warn: LoginRecipes: "Falling back to a synchronous message for: https://twitter.com."
JavaScript error: , line 0: NotFoundError: No such JSWindowActor 'DevToolsFrame'
JavaScript error: , line 0: NotFoundError: No such JSWindowActor 'DevToolsFrame'
JavaScript error: , line 0: NotFoundError: No such JSWindowActor 'DevToolsFrame'
console.warn: LoginRecipes: "Falling back to a synchronous message for: https://twitter.com."
JavaScript error: , line 0: NotFoundError: No such JSWindowActor 'DevToolsFrame'
console.warn: LoginRecipes: "Falling back to a synchronous message for: https://twitter.com."
JavaScript error: , line 0: NotFoundError: No such JSWindowActor 'DevToolsFrame'
1669003911279	geckodriver	INFO	Listening on 127.0.0.1:53165
1669003911793	mozrunner::runner	INFO	Running command: "/usr/bin/firefox" "--marionette" "--remote-debugging-port" "34159" "--remote-allow-hosts" "localhost" "-no-remote" "-profile" "/tmp/rust_mozprofilef9QEQI"
ATTENTION: default value of option mesa_glthread overridden by environment.
ATTENTION: default value of option mesa_glthread overridden by environment.
ATTENTION: default value of option mesa_glthread overridden by environment.
ATTENTION: default value of option mesa_glthread overridden by environment.
1669003913156	Marionette	INFO	Marionette enabled
1669003913164	Marionette	INFO	Listening on port 45989
Read port: 45989
WebDriver BiDi listening on ws://127.0.0.1:34159
1669003913345	RemoteAgent	WARN	TLS certificate errors will be ignored for this session
console.warn: SearchSettings: "get: No settings file exists, new profile?" (new NotFoundError("Could not open the file at /tmp/rust_mozprofilef9QEQI/search.json.mozlz4", (void 0)))
DevTools listening on ws://127.0.0.1:34159/devtools/browser/6a506224-a6a0-4d02-8b19-af2aa8cd94a5
1669003997540	Marionette	INFO	Stopped listening on port 45989
console.warn: TopSitesFeed: Failed to fetch data from Contile server: NetworkError when attempting to fetch resource.
1669004002194	geckodriver	INFO	Listening on 127.0.0.1:56317
1669004002708	mozrunner::runner	INFO	Running command: "/usr/bin/firefox" "--marionette" "--remote-debugging-port" "37283" "--remote-allow-hosts" "localhost" "-no-remote" "-profile" "/tmp/rust_mozprofilemRr5FQ"
ATTENTION: default value of option mesa_glthread overridden by environment.
ATTENTION: default value of option mesa_glthread overridden by environment.
ATTENTION: default value of option mesa_glthread overridden by environment.
ATTENTION: default value of option mesa_glthread overridden by environment.
1669004003713	Marionette	INFO	Marionette enabled
1669004003717	Marionette	INFO	Listening on port 39291
Read port: 39291
WebDriver BiDi listening on ws://127.0.0.1:37283
1669004003863	RemoteAgent	WARN	TLS certificate errors will be ignored for this session
console.warn: SearchSettings: "get: No settings file exists, new profile?" (new NotFoundError("Could not open the file at /tmp/rust_mozprofilemRr5FQ/search.json.mozlz4", (void 0)))
DevTools listening on ws://127.0.0.1:37283/devtools/browser/a4498329-2cf4-40f4-babc-3db84d34faea
console.warn: LoginRecipes: "Falling back to a synchronous message for: https://twitter.com."
console.warn: LoginRecipes: "Falling back to a synchronous message for: https://twitter.com."
console.warn: LoginRecipes: "Falling back to a synchronous message for: https://twitter.com."
console.warn: LoginRecipes: "Falling back to a synchronous message for: https://twitter.com."
console.warn: LoginRecipes: "Falling back to a synchronous message for: https://twitter.com."
console.warn: LoginRecipes: "Falling back to a synchronous message for: https://twitter.com."
console.warn: LoginRecipes: "Falling back to a synchronous message for: https://twitter.com."
console.warn: LoginRecipes: "Falling back to a synchronous message for: https://twitter.com."
console.warn: LoginRecipes: "Falling back to a synchronous message for: https://twitter.com."
console.error: services.settings: 
  main/public-suffix-list Signature failed  InvalidSignatureError: Invalid content signature (main/public-suffix-list)
console.error: services.settings: 
  main/public-suffix-list local data was corrupted
console.warn: services.settings: main/public-suffix-list Signature verified failed. Retry from scratch
console.error: services.settings: 
  main/public-suffix-list Signature failed again InvalidSignatureError: Invalid content signature (main/public-suffix-list)
console.error: services.settings: 
  Message: InvalidSignatureError: Invalid content signature (main/public-suffix-list)
  Stack:
    InvalidSignatureError@resource://services-settings/RemoteSettingsClient.jsm:169:5
_validateCollectionSignature@resource://services-settings/RemoteSettingsClient.jsm:977:13

console.error: services.settings: 
  main/pioneer-study-addons-v1 Signature failed  InvalidSignatureError: Invalid content signature (main/pioneer-study-addons-v1)
console.error: services.settings: 
  main/pioneer-study-addons-v1 local data was corrupted
console.warn: services.settings: main/pioneer-study-addons-v1 Signature verified failed. Retry from scratch
console.error: services.settings: 
  main/pioneer-study-addons-v1 Signature failed again InvalidSignatureError: Invalid content signature (main/pioneer-study-addons-v1)
console.error: services.settings: 
  Message: InvalidSignatureError: Invalid content signature (main/pioneer-study-addons-v1)
  Stack:
    InvalidSignatureError@resource://services-settings/RemoteSettingsClient.jsm:169:5
_validateCollectionSignature@resource://services-settings/RemoteSettingsClient.jsm:977:13

console.error: services.settings: 
  main/doh-providers Signature failed  InvalidSignatureError: Invalid content signature (main/doh-providers)
console.error: services.settings: 
  main/doh-providers local data was corrupted
console.warn: services.settings: main/doh-providers Signature verified failed. Retry from scratch
console.error: services.settings: 
  main/doh-providers Signature failed again InvalidSignatureError: Invalid content signature (main/doh-providers)
console.error: services.settings: 
  Message: InvalidSignatureError: Invalid content signature (main/doh-providers)
  Stack:
    InvalidSignatureError@resource://services-settings/RemoteSettingsClient.jsm:169:5
_validateCollectionSignature@resource://services-settings/RemoteSettingsClient.jsm:977:13

console.error: services.settings: 
  main/addons-manager-settings Signature failed  InvalidSignatureError: Invalid content signature (main/addons-manager-settings)
console.error: services.settings: 
  main/addons-manager-settings local data was corrupted
console.warn: services.settings: main/addons-manager-settings Signature verified failed. Retry from scratch
console.error: services.settings: 
  main/addons-manager-settings Signature failed again InvalidSignatureError: Invalid content signature (main/addons-manager-settings)
console.error: services.settings: 
  Message: InvalidSignatureError: Invalid content signature (main/addons-manager-settings)
  Stack:
    InvalidSignatureError@resource://services-settings/RemoteSettingsClient.jsm:169:5
_validateCollectionSignature@resource://services-settings/RemoteSettingsClient.jsm:977:13

console.error: services.settings: 
  main/doh-config Signature failed  InvalidSignatureError: Invalid content signature (main/doh-config)
console.error: services.settings: 
  main/doh-config local data was corrupted
console.warn: services.settings: main/doh-config Signature verified failed. Retry from scratch
console.error: services.settings: 
  main/doh-config Signature failed again InvalidSignatureError: Invalid content signature (main/doh-config)
console.error: services.settings: 
  Message: InvalidSignatureError: Invalid content signature (main/doh-config)
  Stack:
    InvalidSignatureError@resource://services-settings/RemoteSettingsClient.jsm:169:5
_validateCollectionSignature@resource://services-settings/RemoteSettingsClient.jsm:977:13

1669013352776	Marionette	INFO	Stopped listening on port 39291
console.warn: TopSitesFeed: Failed to fetch data from Contile server: NetworkError when attempting to fetch resource.
1669013365395	geckodriver	INFO	Listening on 127.0.0.1:38865
1669013365907	mozrunner::runner	INFO	Running command: "/usr/bin/firefox" "--marionette" "--remote-debugging-port" "41839" "--remote-allow-hosts" "localhost" "-no-remote" "-profile" "/tmp/rust_mozprofileyb8gmD"
ATTENTION: default value of option mesa_glthread overridden by environment.
ATTENTION: default value of option mesa_glthread overridden by environment.
ATTENTION: default value of option mesa_glthread overridden by environment.
ATTENTION: default value of option mesa_glthread overridden by environment.
1669013367342	Marionette	INFO	Marionette enabled
1669013367347	Marionette	INFO	Listening on port 38743
Read port: 38743
WebDriver BiDi listening on ws://127.0.0.1:41839
1669013367495	RemoteAgent	WARN	TLS certificate errors will be ignored for this session
console.warn: SearchSettings: "get: No settings file exists, new profile?" (new NotFoundError("Could not open the file at /tmp/rust_mozprofileyb8gmD/search.json.mozlz4", (void 0)))
DevTools listening on ws://127.0.0.1:41839/devtools/browser/93084534-6649-4f04-a5a0-be31df00866a
console.warn: LoginRecipes: "Falling back to a synchronous message for: https://twitter.com."
console.warn: LoginRecipes: "Falling back to a synchronous message for: https://twitter.com."
console.warn: LoginRecipes: "Falling back to a synchronous message for: https://twitter.com."
console.warn: LoginRecipes: "Falling back to a synchronous message for: https://twitter.com."
console.warn: LoginRecipes: "Falling back to a synchronous message for: https://twitter.com."
console.warn: LoginRecipes: "Falling back to a synchronous message for: https://twitter.com."
console.warn: LoginRecipes: "Falling back to a synchronous message for: https://twitter.com."
console.warn: LoginRecipes: "Falling back to a synchronous message for: https://twitter.com."
console.warn: LoginRecipes: "Falling back to a synchronous message for: https://twitter.com."
console.warn: LoginRecipes: "Falling back to a synchronous message for: https://twitter.com."
console.warn: LoginRecipes: "Falling back to a synchronous message for: https://twitter.com."
console.warn: LoginRecipes: "Falling back to a synchronous message for: https://twitter.com."
console.warn: LoginRecipes: "Falling back to a synchronous message for: https://twitter.com."
JavaScript warning: https://help.twitter.com/etc/clientlibs/dtm/help-twitter/c411b4930511/4121f48d5646/launch-aa3ff817aa50.min.js.twhash.p.f.7112ad606e98b142bdab31aff1087a02.js, line 2: WEBGL_debug_renderer_info is deprecated in Firefox and will be removed. Please use RENDERER.
console.warn: LoginRecipes: "Falling back to a synchronous message for: https://twitter.com."
console.warn: LoginRecipes: "Falling back to a synchronous message for: https://twitter.com."
console.warn: LoginRecipes: "Falling back to a synchronous message for: https://twitter.com."
console.warn: LoginRecipes: "Falling back to a synchronous message for: https://twitter.com."
1669021820414	Marionette	WARN	TimedPromise timed out after 500 ms: stacktrace:
TimedPromise/<@chrome://remote/content/marionette/sync.sys.mjs:220:24
TimedPromise@chrome://remote/content/marionette/sync.sys.mjs:205:10
interaction.flushEventLoop@chrome://remote/content/marionette/interaction.sys.mjs:425:10
webdriverClickElement@chrome://remote/content/marionette/interaction.sys.mjs:173:31
JavaScript error: , line 0: NotFoundError: No such JSWindowActor 'DevToolsFrame'
1669038263192	Marionette	INFO	Stopped listening on port 38743
console.warn: TopSitesFeed: Failed to fetch data from Contile server: NetworkError when attempting to fetch resource.
1669038417871	geckodriver	INFO	Listening on 127.0.0.1:33783
1669038418408	mozrunner::runner	INFO	Running command: "/usr/bin/firefox" "--marionette" "--remote-debugging-port" "36929" "--remote-allow-hosts" "localhost" "-no-remote" "-profile" "/tmp/rust_mozprofileGUnJWD"
ATTENTION: default value of option mesa_glthread overridden by environment.
ATTENTION: default value of option mesa_glthread overridden by environment.
ATTENTION: default value of option mesa_glthread overridden by environment.
ATTENTION: default value of option mesa_glthread overridden by environment.
1669038419762	Marionette	INFO	Marionette enabled
1669038419767	Marionette	INFO	Listening on port 34387
Read port: 34387
WebDriver BiDi listening on ws://127.0.0.1:36929
1669038419923	RemoteAgent	WARN	TLS certificate errors will be ignored for this session
console.warn: SearchSettings: "get: No settings file exists, new profile?" (new NotFoundError("Could not open the file at /tmp/rust_mozprofileGUnJWD/search.json.mozlz4", (void 0)))
DevTools listening on ws://127.0.0.1:36929/devtools/browser/0c6800e2-6778-4ce5-bbdf-40a4d36a60b4
JavaScript error: resource://gre/modules/URIFixup.sys.mjs, line 304: NS_ERROR_FAILURE: Should pass a non-null uri
console.warn: LoginRecipes: "Falling back to a synchronous message for: https://twitter.com."
console.warn: LoginRecipes: "Falling back to a synchronous message for: https://twitter.com."
console.warn: LoginRecipes: "Falling back to a synchronous message for: https://twitter.com."
console.warn: LoginRecipes: "Falling back to a synchronous message for: https://twitter.com."
console.warn: LoginRecipes: "Falling back to a synchronous message for: https://twitter.com."
console.warn: LoginRecipes: "Falling back to a synchronous message for: https://twitter.com."
console.warn: LoginRecipes: "Falling back to a synchronous message for: https://twitter.com."
console.warn: LoginRecipes: "Falling back to a synchronous message for: https://twitter.com."
console.warn: LoginRecipes: "Falling back to a synchronous message for: https://twitter.com."
console.warn: LoginRecipes: "Falling back to a synchronous message for: https://twitter.com."
console.error: (new TypeError("parent is null", "resource://devtools/client/inspector/shared/style-change-tracker.js", 67))
TypeError: parent is null: canMutationImpactCurrentStyles@resource://devtools/client/inspector/shared/style-change-tracker.js:67:24
onMutations@resource://devtools/client/inspector/shared/style-change-tracker.js:84:41
_emit@resource://devtools/shared/event-emitter.js:242:32
emit@resource://devtools/shared/event-emitter.js:186:18
emit@resource://devtools/shared/event-emitter.js:330:18
getMutations@resource://devtools/client/fronts/walker.js:313:10

JavaScript error: https://abs.twimg.com/responsive-web/client-web/main.f45ef479.js, line 7: Error: ApiError: https://twitter.com/i/api/1.1/jot/ces/p2 HTTP-0 codes:[1004] trace_ids:[null]
JavaScript error: https://abs.twimg.com/responsive-web/client-web/main.f45ef479.js, line 7: Error: ApiError: https://twitter.com/i/api/1.1/jot/ces/p2 HTTP-0 codes:[1004] trace_ids:[null]
console.error: "Unable to find target with innerWindowId:4294967322"
console.error: "Unable to find target with innerWindowId:4294967322"
console.error: "Unable to find target with innerWindowId:4294967322"
console.error: "Unable to find target with innerWindowId:4294967322"
console.error: "Unable to find target with innerWindowId:4294967322"
JavaScript error: , line 0: NotFoundError: No such JSWindowActor 'DevToolsFrame'
JavaScript error: https://abs.twimg.com/responsive-web/client-web/main.f45ef479.js, line 7: Error: ApiError: https://twitter.com/i/api/1.1/jot/ces/p2 HTTP-0 codes:[1004] trace_ids:[null]
JavaScript error: https://abs.twimg.com/responsive-web/client-web/main.f45ef479.js, line 7: Error: ApiError: https://twitter.com/i/api/1.1/jot/ces/p2 HTTP-0 codes:[1004] trace_ids:[null]
1669071012348	Marionette	INFO	Stopped listening on port 34387
console.warn: TopSitesFeed: Failed to fetch data from Contile server: NetworkError when attempting to fetch resource.
1669082235189	geckodriver	INFO	Listening on 127.0.0.1:38283
1669082235701	mozrunner::runner	INFO	Running command: "/usr/bin/firefox" "--marionette" "--remote-debugging-port" "42661" "--remote-allow-hosts" "localhost" "-no-remote" "-profile" "/tmp/rust_mozprofile2ozHHb"
ATTENTION: default value of option mesa_glthread overridden by environment.
ATTENTION: default value of option mesa_glthread overridden by environment.
ATTENTION: default value of option mesa_glthread overridden by environment.
ATTENTION: default value of option mesa_glthread overridden by environment.
1669082237044	Marionette	INFO	Marionette enabled
1669082237051	Marionette	INFO	Listening on port 36627
Read port: 36627
WebDriver BiDi listening on ws://127.0.0.1:42661
1669082237231	RemoteAgent	WARN	TLS certificate errors will be ignored for this session
console.warn: SearchSettings: "get: No settings file exists, new profile?" (new NotFoundError("Could not open the file at /tmp/rust_mozprofile2ozHHb/search.json.mozlz4", (void 0)))
DevTools listening on ws://127.0.0.1:42661/devtools/browser/4b9dd7dc-1ab6-4dbd-9db0-62c24a3781a5
1669082321601	Marionette	WARN	TimedPromise timed out after 500 ms: stacktrace:
TimedPromise/<@chrome://remote/content/marionette/sync.sys.mjs:220:24
TimedPromise@chrome://remote/content/marionette/sync.sys.mjs:205:10
interaction.flushEventLoop@chrome://remote/content/marionette/interaction.sys.mjs:425:10
webdriverClickElement@chrome://remote/content/marionette/interaction.sys.mjs:173:31
console.warn: LoginRecipes: "Falling back to a synchronous message for: https://twitter.com."
console.warn: LoginRecipes: "Falling back to a synchronous message for: https://twitter.com."
console.warn: LoginRecipes: "Falling back to a synchronous message for: https://twitter.com."
console.warn: LoginRecipes: "Falling back to a synchronous message for: https://twitter.com."
console.warn: LoginRecipes: "Falling back to a synchronous message for: https://twitter.com."
console.warn: LoginRecipes: "Falling back to a synchronous message for: https://twitter.com."
console.warn: LoginRecipes: "Falling back to a synchronous message for: https://twitter.com."
console.warn: LoginRecipes: "Falling back to a synchronous message for: https://twitter.com."
console.warn: LoginRecipes: "Falling back to a synchronous message for: https://twitter.com."
console.warn: LoginRecipes: "Falling back to a synchronous message for: https://twitter.com."
console.warn: LoginRecipes: "Falling back to a synchronous message for: https://twitter.com."
JavaScript error: https://abs.twimg.com/responsive-web/client-web/main.777f0b99.js, line 7: Error: ApiError: https://twitter.com/i/api/1.1/jot/ces/p2 HTTP-0 codes:[1004] trace_ids:[null]
JavaScript error: https://abs.twimg.com/responsive-web/client-web/main.777f0b99.js, line 7: Error: ApiError: https://twitter.com/i/api/1.1/jot/ces/p2 HTTP-0 codes:[1004] trace_ids:[null]
JavaScript error: https://abs.twimg.com/responsive-web/client-web/main.777f0b99.js, line 7: Error: ApiError: https://twitter.com/i/api/1.1/jot/ces/p2 HTTP-0 codes:[1004] trace_ids:[null]
JavaScript error: https://abs.twimg.com/responsive-web/client-web/main.777f0b99.js, line 7: Error: ApiError: https://twitter.com/i/api/1.1/jot/ces/p2 HTTP-0 codes:[1004] trace_ids:[null]
JavaScript error: https://abs.twimg.com/responsive-web/client-web/main.777f0b99.js, line 7: Error: ApiError: https://twitter.com/i/api/1.1/jot/ces/p2 HTTP-0 codes:[1004] trace_ids:[null]
JavaScript error: https://abs.twimg.com/responsive-web/client-web/main.777f0b99.js, line 7: Error: ApiError: https://twitter.com/i/api/1.1/jot/ces/p2 HTTP-0 codes:[1004] trace_ids:[null]
JavaScript error: https://twitter.com/bbcbangla/status/1557244641396891651, line 139: ChunkLoadError: Loading chunk shared~bundle.Birdwatch~bundle.Compose~bundle.RichTextCompose~bundle.Settings~bundle.Display~bundle.Ocf~bundl failed.
(error: https://abs.twimg.com/responsive-web/client-web/shared~bundle.Birdwatch~bundle.Compose~bundle.RichTextCompose~bundle.Settings~bundle.Display~bundle.Ocf~bundl.2beaa1f9.js)
JavaScript error: https://abs.twimg.com/responsive-web/client-web/main.777f0b99.js, line 7: Error: ApiError: https://twitter.com/i/api/1.1/jot/ces/p2 HTTP-0 codes:[1004] trace_ids:[null]
JavaScript error: https://abs.twimg.com/responsive-web/client-web/main.777f0b99.js, line 7: Error: ApiError: https://twitter.com/i/api/1.1/jot/ces/p2 HTTP-0 codes:[1004] trace_ids:[null]
JavaScript error: https://abs.twimg.com/responsive-web/client-web/main.777f0b99.js, line 7: Error: ApiError: https://twitter.com/i/api/1.1/jot/ces/p2 HTTP-0 codes:[1004] trace_ids:[null]
JavaScript error: https://abs.twimg.com/responsive-web/client-web/main.777f0b99.js, line 7: Error: ApiError: https://twitter.com/i/api/1.1/jot/ces/p2 HTTP-0 codes:[1004] trace_ids:[null]
JavaScript error: https://abs.twimg.com/responsive-web/client-web/main.777f0b99.js, line 7: Error: ApiError: https://twitter.com/i/api/1.1/jot/ces/p2 HTTP-0 codes:[1004] trace_ids:[null]
JavaScript error: https://abs.twimg.com/responsive-web/client-web/main.777f0b99.js, line 7: Error: ApiError: https://twitter.com/i/api/1.1/jot/ces/p2 HTTP-0 codes:[1004] trace_ids:[null]
JavaScript error: https://abs.twimg.com/responsive-web/client-web/main.777f0b99.js, line 7: Error: ApiError: https://twitter.com/i/api/1.1/jot/ces/p2 HTTP-0 codes:[1004] trace_ids:[null]
JavaScript error: https://abs.twimg.com/responsive-web/client-web/main.777f0b99.js, line 7: Error: ApiError: https://twitter.com/i/api/1.1/jot/ces/p2 HTTP-0 codes:[1004] trace_ids:[null]
JavaScript error: https://abs.twimg.com/responsive-web/client-web/main.777f0b99.js, line 7: Error: ApiError: https://twitter.com/i/api/1.1/jot/ces/p2 HTTP-0 codes:[1004] trace_ids:[null]
JavaScript error: https://abs.twimg.com/responsive-web/client-web/main.777f0b99.js, line 7: Error: ApiError: https://twitter.com/i/api/1.1/jot/ces/p2 HTTP-0 codes:[1004] trace_ids:[null]
console.warn: LoginRecipes: "Falling back to a synchronous message for: https://twitter.com."
JavaScript error: , line 0: NotFoundError: No such JSWindowActor 'DevToolsFrame'
console.warn: LoginRecipes: "Falling back to a synchronous message for: https://twitter.com."
console.warn: LoginRecipes: "Falling back to a synchronous message for: https://twitter.com."
console.warn: LoginRecipes: "Falling back to a synchronous message for: https://twitter.com."
console.warn: LoginRecipes: "Falling back to a synchronous message for: https://twitter.com."
console.warn: LoginRecipes: "Falling back to a synchronous message for: https://twitter.com."
console.warn: LoginRecipes: "Falling back to a synchronous message for: https://twitter.com."
console.error: "Error while calling actor 'pagestyle's method 'getLayout'" "node is null"
console.error: (new TypeError("node is null", "resource://devtools/server/actors/page-style.js", 1007))
console.error: (new TypeError("parent is null", "resource://devtools/client/inspector/shared/style-change-tracker.js", 67))
TypeError: parent is null: canMutationImpactCurrentStyles@resource://devtools/client/inspector/shared/style-change-tracker.js:67:24
onMutations@resource://devtools/client/inspector/shared/style-change-tracker.js:84:41
_emit@resource://devtools/shared/event-emitter.js:242:32
emit@resource://devtools/shared/event-emitter.js:186:18
emit@resource://devtools/shared/event-emitter.js:330:18
getMutations@resource://devtools/client/fronts/walker.js:313:10

console.error: (new Error("Protocol error (TypeError): node is null from: server0.conn0.windowGlobal4294967338/pagestyle23 (resource://devtools/server/actors/page-style.js:1007:5)", "resource://devtools/shared/protocol/Front.js", 383))
console.error: (new TypeError("parent is null", "resource://devtools/client/inspector/shared/style-change-tracker.js", 67))
TypeError: parent is null: canMutationImpactCurrentStyles@resource://devtools/client/inspector/shared/style-change-tracker.js:67:24
onMutations@resource://devtools/client/inspector/shared/style-change-tracker.js:84:41
_emit@resource://devtools/shared/event-emitter.js:242:32
emit@resource://devtools/shared/event-emitter.js:186:18
emit@resource://devtools/shared/event-emitter.js:330:18
getMutations@resource://devtools/client/fronts/walker.js:313:10

JavaScript error: https://abs.twimg.com/responsive-web/client-web/main.777f0b99.js, line 7: Error: ApiError: https://api.twitter.com/1.1/help/settings.json HTTP-0 codes:[1004] trace_ids:[null]
console.error: (new TypeError("parent is null", "resource://devtools/client/inspector/shared/style-change-tracker.js", 67))
TypeError: parent is null: canMutationImpactCurrentStyles@resource://devtools/client/inspector/shared/style-change-tracker.js:67:24
onMutations@resource://devtools/client/inspector/shared/style-change-tracker.js:84:41
_emit@resource://devtools/shared/event-emitter.js:242:32
emit@resource://devtools/shared/event-emitter.js:186:18
emit@resource://devtools/shared/event-emitter.js:330:18
getMutations@resource://devtools/client/fronts/walker.js:313:10

console.error: (new TypeError("nodeFront.walkerFront is null", "resource://devtools/client/inspector/markup/markup.js", 966))
TypeError: nodeFront.walkerFront is null: _onNewSelection@resource://devtools/client/inspector/markup/markup.js:966:7
_emit@resource://devtools/shared/event-emitter.js:242:32
emit@resource://devtools/shared/event-emitter.js:186:18
emit@resource://devtools/shared/event-emitter.js:330:18
setNodeFront@resource://devtools/client/framework/selection.js:203:10
onDetached@resource://devtools/client/inspector/inspector.js:1685:20
_emit@resource://devtools/shared/event-emitter.js:242:32
emit@resource://devtools/shared/event-emitter.js:186:18
emit@resource://devtools/shared/event-emitter.js:330:18
_onMutations@resource://devtools/client/framework/selection.js:104:12
_emit@resource://devtools/shared/event-emitter.js:242:32
emit@resource://devtools/shared/event-emitter.js:186:18
emit@resource://devtools/shared/event-emitter.js:330:18
getMutations@resource://devtools/client/fronts/walker.js:313:10

console.error: (new Error("Can not send request 'getUniqueSelector' because front 'domnode' is already destroyed.", "resource://devtools/shared/protocol/Front/FrontClassWithSpec.js", 28))
console.error: (new TypeError("container.node.targetFront is null", "resource://devtools/client/inspector/markup/markup.js", 2353))
console.error: "Error while calling actor 'pagestyle's method 'getLayout'" "node is null"
console.error: (new TypeError("node is null", "resource://devtools/server/actors/page-style.js", 1007))
console.error: (new Error("Protocol error (TypeError): node is null from: server0.conn0.windowGlobal4294967338/pagestyle23 (resource://devtools/server/actors/page-style.js:1007:5)", "resource://devtools/shared/protocol/Front.js", 383))
console.error: (new TypeError("parent is null", "resource://devtools/client/inspector/shared/style-change-tracker.js", 67))
TypeError: parent is null: canMutationImpactCurrentStyles@resource://devtools/client/inspector/shared/style-change-tracker.js:67:24
onMutations@resource://devtools/client/inspector/shared/style-change-tracker.js:84:41
_emit@resource://devtools/shared/event-emitter.js:242:32
emit@resource://devtools/shared/event-emitter.js:186:18
emit@resource://devtools/shared/event-emitter.js:330:18
getMutations@resource://devtools/client/fronts/walker.js:313:10

console.error: (new TypeError("parent is null", "resource://devtools/client/inspector/shared/style-change-tracker.js", 67))
TypeError: parent is null: canMutationImpactCurrentStyles@resource://devtools/client/inspector/shared/style-change-tracker.js:67:24
onMutations@resource://devtools/client/inspector/shared/style-change-tracker.js:84:41
_emit@resource://devtools/shared/event-emitter.js:242:32
emit@resource://devtools/shared/event-emitter.js:186:18
emit@resource://devtools/shared/event-emitter.js:330:18
getMutations@resource://devtools/client/fronts/walker.js:313:10

JavaScript error: , line 0: NotFoundError: No such JSWindowActor 'DevToolsFrame'
JavaScript error: , line 0: NotFoundError: No such JSWindowActor 'DevToolsFrame'
console.warn: LoginRecipes: "Falling back to a synchronous message for: https://twitter.com."
JavaScript error: https://abs.twimg.com/responsive-web/client-web/main.777f0b99.js, line 7: Error: ApiError: https://twitter.com/i/api/1.1/jot/ces/p2 HTTP-0 codes:[1004] trace_ids:[null]
JavaScript error: https://abs.twimg.com/responsive-web/client-web/main.777f0b99.js, line 7: Error: ApiError: https://twitter.com/i/api/1.1/jot/ces/p2 HTTP-0 codes:[1004] trace_ids:[null]
console.warn: LoginRecipes: "Falling back to a synchronous message for: https://twitter.com."
1669135719360	geckodriver	INFO	Listening on 127.0.0.1:38101
1669135719872	mozrunner::runner	INFO	Running command: "/usr/bin/firefox" "--marionette" "--remote-debugging-port" "46729" "--remote-allow-hosts" "localhost" "-no-remote" "-profile" "/tmp/rust_mozprofilenKagjL"
ATTENTION: default value of option mesa_glthread overridden by environment.
ATTENTION: default value of option mesa_glthread overridden by environment.
ATTENTION: default value of option mesa_glthread overridden by environment.
ATTENTION: default value of option mesa_glthread overridden by environment.
1669135720869	Marionette	INFO	Marionette enabled
1669135720874	Marionette	INFO	Listening on port 45335
Read port: 45335
WebDriver BiDi listening on ws://127.0.0.1:46729
1669135721011	RemoteAgent	WARN	TLS certificate errors will be ignored for this session
console.warn: SearchSettings: "get: No settings file exists, new profile?" (new NotFoundError("Could not open the file at /tmp/rust_mozprofilenKagjL/search.json.mozlz4", (void 0)))
DevTools listening on ws://127.0.0.1:46729/devtools/browser/12ce4878-febb-4b61-9c4e-f284bfbd8784
